Using pre-set license
Built from '2021.3/staging' branch; Version is '2021.3.5f1 (40eb3a945986) revision 4254522'; Using compiler version '192829333'; Build Type 'Release'
OS: 'Windows 11  (10.0.22000) 64bit Professional' Language: 'zh' Physical Memory: 32544 MB
BatchMode: 1, IsHumanControllingUs: 0, StartBugReporterOnCrash: 0, Is64bit: 1, IsPro: 1

COMMAND LINE ARGUMENTS:
C:\Program Files\Unity 2021.3.5f1\Editor\Unity.exe
-adb2
-batchMode
-noUpm
-name
AssetImportWorker0
-projectPath
C:/Users/ROG/Documents/GitHub/Particles_VFX
-logFile
Logs/AssetImportWorker0.log
-srvPort
57427
Successfully changed project path to: C:/Users/ROG/Documents/GitHub/Particles_VFX
C:/Users/ROG/Documents/GitHub/Particles_VFX
[UnityMemory] Configuration Parameters - Can be set up in boot.config
    "memorysetup-bucket-allocator-granularity=16"
    "memorysetup-bucket-allocator-bucket-count=8"
    "memorysetup-bucket-allocator-block-size=33554432"
    "memorysetup-bucket-allocator-block-count=8"
    "memorysetup-main-allocator-block-size=16777216"
    "memorysetup-thread-allocator-block-size=16777216"
    "memorysetup-gfx-main-allocator-block-size=16777216"
    "memorysetup-gfx-thread-allocator-block-size=16777216"
    "memorysetup-cache-allocator-block-size=4194304"
    "memorysetup-typetree-allocator-block-size=2097152"
    "memorysetup-profiler-bucket-allocator-granularity=16"
    "memorysetup-profiler-bucket-allocator-bucket-count=8"
    "memorysetup-profiler-bucket-allocator-block-size=33554432"
    "memorysetup-profiler-bucket-allocator-block-count=8"
    "memorysetup-profiler-allocator-block-size=16777216"
    "memorysetup-profiler-editor-allocator-block-size=1048576"
    "memorysetup-temp-allocator-size-main=16777216"
    "memorysetup-job-temp-allocator-block-size=2097152"
    "memorysetup-job-temp-allocator-block-size-background=1048576"
    "memorysetup-job-temp-allocator-reduction-small-platforms=262144"
    "memorysetup-temp-allocator-size-background-worker=32768"
    "memorysetup-temp-allocator-size-job-worker=262144"
    "memorysetup-temp-allocator-size-preload-manager=33554432"
    "memorysetup-temp-allocator-size-nav-mesh-worker=65536"
    "memorysetup-temp-allocator-size-audio-worker=65536"
    "memorysetup-temp-allocator-size-cloud-worker=32768"
    "memorysetup-temp-allocator-size-gi-baking-worker=262144"
    "memorysetup-temp-allocator-size-gfx=262144"
Refreshing native plugins compatible for Editor in 58.24 ms, found 3 plugins.
Preloading 0 native plugins for Editor in 0.00 ms.
Initialize engine version: 2021.3.5f1 (40eb3a945986)
[Subsystems] Discovering subsystems at path C:/Program Files/Unity 2021.3.5f1/Editor/Data/Resources/UnitySubsystems
[Subsystems] Discovering subsystems at path C:/Users/ROG/Documents/GitHub/Particles_VFX/Assets
GfxDevice: creating device client; threaded=0; jobified=0
Direct3D:
    Version:  Direct3D 11.0 [level 11.1]
    Renderer: NVIDIA GeForce RTX 3090 (ID=0x2204)
    Vendor:   NVIDIA
    VRAM:     24348 MB
    Driver:   31.0.15.1659
Initialize mono
Mono path[0] = 'C:/Program Files/Unity 2021.3.5f1/Editor/Data/Managed'
Mono path[1] = 'C:/Program Files/Unity 2021.3.5f1/Editor/Data/MonoBleedingEdge/lib/mono/unityjit-win32'
Mono config path = 'C:/Program Files/Unity 2021.3.5f1/Editor/Data/MonoBleedingEdge/etc'
Using monoOptions --debugger-agent=transport=dt_socket,embedding=1,server=y,suspend=n,address=127.0.0.1:56200
Begin MonoManager ReloadAssembly
Registering precompiled unity dll's ...
Register platform support module: C:/Program Files/Unity 2021.3.5f1/Editor/Data/PlaybackEngines/MacStandaloneSupport/UnityEditor.OSXStandalone.Extensions.dll
Register platform support module: C:/Program Files/Unity 2021.3.5f1/Editor/Data/PlaybackEngines/WindowsStandaloneSupport/UnityEditor.WindowsStandalone.Extensions.dll
Register platform support module: C:/Program Files/Unity 2021.3.5f1/Editor/Data/PlaybackEngines/MetroSupport/UnityEditor.UWP.Extensions.dll
Registered in 0.002712 seconds.
Native extension for UWP target not found
Native extension for WindowsStandalone target not found
Native extension for OSXStandalone target not found
Refreshing native plugins compatible for Editor in 57.65 ms, found 3 plugins.
Preloading 0 native plugins for Editor in 0.00 ms.
Mono: successfully reloaded assembly
- Completed reload, in  0.354 seconds
Domain Reload Profiling:
	ReloadAssembly (354ms)
		BeginReloadAssembly (38ms)
			ExecutionOrderSort (0ms)
			DisableScriptedObjects (0ms)
			BackupInstance (0ms)
			ReleaseScriptingObjects (0ms)
			CreateAndSetChildDomain (0ms)
		EndReloadAssembly (254ms)
			LoadAssemblies (36ms)
			RebuildTransferFunctionScriptingTraits (0ms)
			SetupTypeCache (54ms)
			ReleaseScriptCaches (0ms)
			RebuildScriptCaches (14ms)
			SetupLoadedEditorAssemblies (156ms)
				LogAssemblyErrors (0ms)
				InitializePlatformSupportModulesInManaged (6ms)
				SetLoadedEditorAssemblies (0ms)
				RefreshPlugins (58ms)
				BeforeProcessingInitializeOnLoad (1ms)
				ProcessInitializeOnLoadAttributes (65ms)
				ProcessInitializeOnLoadMethodAttributes (27ms)
				AfterProcessingInitializeOnLoad (0ms)
				EditorAssembliesLoaded (0ms)
			ExecutionOrderSort2 (0ms)
			AwakeInstancesAfterBackupRestoration (0ms)
Platform modules already initialized, skipping
Registering precompiled user dll's ...
Registered in 0.005689 seconds.
Begin MonoManager ReloadAssembly
Symbol file LoadedFromMemory doesn't match image C:\Users\ROG\Documents\GitHub\Particles_VFX\Library\PackageCache\com.unity.visualscripting@1.7.8\Editor\VisualScripting.Core\Dependencies\YamlDotNet\Unity.VisualScripting.YamlDotNet.dll
Symbol file LoadedFromMemory doesn't match image C:\Users\ROG\Documents\GitHub\Particles_VFX\Library\PackageCache\com.unity.visualscripting@1.7.8\Editor\VisualScripting.Core\Dependencies\DotNetZip\Unity.VisualScripting.IonicZip.dll
Native extension for UWP target not found
Native extension for WindowsStandalone target not found
Native extension for OSXStandalone target not found
Refreshing native plugins compatible for Editor in 81.25 ms, found 3 plugins.
Preloading 0 native plugins for Editor in 0.00 ms.
Mono: successfully reloaded assembly
- Completed reload, in  0.737 seconds
Domain Reload Profiling:
	ReloadAssembly (737ms)
		BeginReloadAssembly (57ms)
			ExecutionOrderSort (0ms)
			DisableScriptedObjects (3ms)
			BackupInstance (0ms)
			ReleaseScriptingObjects (0ms)
			CreateAndSetChildDomain (11ms)
		EndReloadAssembly (614ms)
			LoadAssemblies (44ms)
			RebuildTransferFunctionScriptingTraits (0ms)
			SetupTypeCache (151ms)
			ReleaseScriptCaches (0ms)
			RebuildScriptCaches (42ms)
			SetupLoadedEditorAssemblies (346ms)
				LogAssemblyErrors (0ms)
				InitializePlatformSupportModulesInManaged (3ms)
				SetLoadedEditorAssemblies (0ms)
				RefreshPlugins (81ms)
				BeforeProcessingInitializeOnLoad (65ms)
				ProcessInitializeOnLoadAttributes (144ms)
				ProcessInitializeOnLoadMethodAttributes (48ms)
				AfterProcessingInitializeOnLoad (4ms)
				EditorAssembliesLoaded (0ms)
			ExecutionOrderSort2 (0ms)
			AwakeInstancesAfterBackupRestoration (6ms)
Platform modules already initialized, skipping
========================================================================
Worker process is ready to serve import requests
Launched and connected shader compiler UnityShaderCompiler.exe after 0.02 seconds
Refreshing native plugins compatible for Editor in 0.84 ms, found 3 plugins.
Preloading 0 native plugins for Editor in 0.00 ms.
Unloading 5599 Unused Serialized files (Serialized files now loaded: 0)
Unloading 35 unused Assets / (1.5 MB). Loaded Objects now: 6049.
Memory consumption went from 217.2 MB to 215.8 MB.
Total: 3.071600 ms (FindLiveObjects: 0.255800 ms CreateObjectMapping: 0.239500 ms MarkObjects: 2.349900 ms  DeleteObjects: 0.225700 ms)

AssetImportParameters requested are different than current active one (requested -> active):
  custom:video-decoder-ogg-theora: a1e56fd34408186e4bbccfd4996cb3dc -> 
  custom:container-muxer-webm: aa71ff27fc2769a1b78a27578f13a17b -> 
  custom:container-demuxer-webm: 4f35f7cbe854078d1ac9338744f61a02 -> 
  custom:video-encoder-webm-vp8: eb34c28f22e8b96e1ab97ce403110664 -> 
  custom:audio-encoder-webm-vorbis: bf7c407c2cedff20999df2af8eb42d56 -> 
  custom:framework-win-MediaFoundation: 216162199b28c13a410421893ffa2e32 -> 
  custom:container-demuxer-ogg: 62fdf1f143b41e24485cea50d1cbac27 -> 
  custom:video-decoder-webm-vp8: 9c59270c3fd7afecdb556c50c9e8de78 -> 
  custom:audio-decoder-ogg-vorbis: bf7c407c2cedff20999df2af8eb42d56 -> 
========================================================================
Received Import Request.
  Time since last request: 365.982961 seconds.
  path: Assets/VFXGraph/Particles_1.vfx
  artifactKey: Guid(f0b1dd7fbbb39f84aba6a8c528cdc535) Importer(815301076,1909f56bfc062723c751e8b465ee728b)
Start importing Assets/VFXGraph/Particles_1.vfx using Guid(f0b1dd7fbbb39f84aba6a8c528cdc535) Importer(815301076,1909f56bfc062723c751e8b465ee728b)  -> (artifact id: '423d8905e91a95088150f247440a6691') in 0.151446 seconds 
========================================================================
Received Import Request.
  Time since last request: 3.641173 seconds.
  path: Assets/VFXGraph/Particles_1.vfx
  artifactKey: Guid(f0b1dd7fbbb39f84aba6a8c528cdc535) Importer(815301076,1909f56bfc062723c751e8b465ee728b)
Start importing Assets/VFXGraph/Particles_1.vfx using Guid(f0b1dd7fbbb39f84aba6a8c528cdc535) Importer(815301076,1909f56bfc062723c751e8b465ee728b)  -> (artifact id: '852321cc1cdcc4dffc6c75845ccb6696') in 0.006797 seconds 
========================================================================
Received Import Request.
  Time since last request: 283.580032 seconds.
  path: Assets/VFXGraph/Particles_1.vfx
  artifactKey: Guid(f0b1dd7fbbb39f84aba6a8c528cdc535) Importer(815301076,1909f56bfc062723c751e8b465ee728b)
Start importing Assets/VFXGraph/Particles_1.vfx using Guid(f0b1dd7fbbb39f84aba6a8c528cdc535) Importer(815301076,1909f56bfc062723c751e8b465ee728b)  -> (artifact id: '3a408799d3d5ce9c4b6bfc8a5fbea367') in 0.008987 seconds 
========================================================================
Received Import Request.
  Time since last request: 140.715789 seconds.
  path: Assets/VFXGraph/Particles_1.vfx
  artifactKey: Guid(f0b1dd7fbbb39f84aba6a8c528cdc535) Importer(815301076,1909f56bfc062723c751e8b465ee728b)
Start importing Assets/VFXGraph/Particles_1.vfx using Guid(f0b1dd7fbbb39f84aba6a8c528cdc535) Importer(815301076,1909f56bfc062723c751e8b465ee728b)  -> (artifact id: '152cb4ba69982179485e1b0a06d2dae2') in 0.009332 seconds 
========================================================================
Received Import Request.
  Time since last request: 0.724511 seconds.
  path: Assets/VFXGraph/Particles_1.vfx
  artifactKey: Guid(f0b1dd7fbbb39f84aba6a8c528cdc535) Importer(815301076,1909f56bfc062723c751e8b465ee728b)
Start importing Assets/VFXGraph/Particles_1.vfx using Guid(f0b1dd7fbbb39f84aba6a8c528cdc535) Importer(815301076,1909f56bfc062723c751e8b465ee728b)  -> (artifact id: '407c3b47d82018a7ebffb922c0f0cf1b') in 0.006925 seconds 
========================================================================
Received Import Request.
  Time since last request: 22.074645 seconds.
  path: Assets/VFXGraph/Particles_1.vfx
  artifactKey: Guid(f0b1dd7fbbb39f84aba6a8c528cdc535) Importer(815301076,1909f56bfc062723c751e8b465ee728b)
Start importing Assets/VFXGraph/Particles_1.vfx using Guid(f0b1dd7fbbb39f84aba6a8c528cdc535) Importer(815301076,1909f56bfc062723c751e8b465ee728b)  -> (artifact id: 'c2ccd1943e03e3051f65d478e64f43a2') in 0.006180 seconds 
========================================================================
Received Import Request.
  Time since last request: 14.886048 seconds.
  path: Assets/VFXGraph/Particles_1.vfx
  artifactKey: Guid(f0b1dd7fbbb39f84aba6a8c528cdc535) Importer(815301076,1909f56bfc062723c751e8b465ee728b)
Start importing Assets/VFXGraph/Particles_1.vfx using Guid(f0b1dd7fbbb39f84aba6a8c528cdc535) Importer(815301076,1909f56bfc062723c751e8b465ee728b)  -> (artifact id: '8117479ca37bad0944ba519121e376ec') in 0.006124 seconds 
========================================================================
Received Import Request.
  Time since last request: 6.546242 seconds.
  path: Assets/VFXGraph/Particles_1.vfx
  artifactKey: Guid(f0b1dd7fbbb39f84aba6a8c528cdc535) Importer(815301076,1909f56bfc062723c751e8b465ee728b)
Start importing Assets/VFXGraph/Particles_1.vfx using Guid(f0b1dd7fbbb39f84aba6a8c528cdc535) Importer(815301076,1909f56bfc062723c751e8b465ee728b)  -> (artifact id: '9325951c48018e00925c1bd44d208324') in 0.005865 seconds 
========================================================================
Received Import Request.
  Time since last request: 105.146682 seconds.
  path: Assets/VFXGraph/Particles_1.vfx
  artifactKey: Guid(f0b1dd7fbbb39f84aba6a8c528cdc535) Importer(815301076,1909f56bfc062723c751e8b465ee728b)
Start importing Assets/VFXGraph/Particles_1.vfx using Guid(f0b1dd7fbbb39f84aba6a8c528cdc535) Importer(815301076,1909f56bfc062723c751e8b465ee728b)  -> (artifact id: '10045b374f73112147bfb31f35cac4da') in 0.007470 seconds 
========================================================================
Received Import Request.
  Time since last request: 88.009102 seconds.
  path: Assets/VFXGraph/Particles_1.vfx
  artifactKey: Guid(f0b1dd7fbbb39f84aba6a8c528cdc535) Importer(815301076,1909f56bfc062723c751e8b465ee728b)
Start importing Assets/VFXGraph/Particles_1.vfx using Guid(f0b1dd7fbbb39f84aba6a8c528cdc535) Importer(815301076,1909f56bfc062723c751e8b465ee728b)  -> (artifact id: '35706d4dc6d1869ce5560b58d0195e92') in 0.006447 seconds 
========================================================================
Received Import Request.
  Time since last request: 498.074767 seconds.
  path: Assets/VFXGraph/Particles_1.vfx
  artifactKey: Guid(f0b1dd7fbbb39f84aba6a8c528cdc535) Importer(815301076,1909f56bfc062723c751e8b465ee728b)
Start importing Assets/VFXGraph/Particles_1.vfx using Guid(f0b1dd7fbbb39f84aba6a8c528cdc535) Importer(815301076,1909f56bfc062723c751e8b465ee728b)  -> (artifact id: '28d15dc13043edc009e7f6e5a5f0b20b') in 0.008200 seconds 
